Mémoire totale : 2,0 GiB
Instanciation du bot "Random"
3 classes ont été trouvées
class awele.bot.random.RandomBot
class awele.bot.BotAriolef.MinMaxBotAriolef
class awele.bot.minmax.MinMaxBot

Bot 1/3
Classe : awele.bot.random.RandomBot
Instanciation du bot "Random"
Nom du bot : Random
Temps d'apprentissage : 00:00:00.000
Durée d'une prise de décision : 00:00:00.000
Usage mémoire : 4,3 KiB
Usage mémoire maximum : 661,6 KiB

Bot 2/3
Classe : awele.bot.BotAriolef.MinMaxBotAriolef
Instanciation du bot "MinMax3.0"
Nom du bot : MinMax3.0
Temps d'apprentissage : 00:00:00.000
Durée d'une prise de décision : 00:00:00.120
Usage mémoire : 391,6 KiB
Usage mémoire maximum : 90,4 MiB

Bot 3/3
Classe : awele.bot.minmax.MinMaxBot
Instanciation du bot "MinMax"
Nom du bot : MinMax
Temps d'apprentissage : 00:00:00.000
Durée d'une prise de décision : 00:00:00.076
Usage mémoire : 1,2 KiB
Usage mémoire maximum : 1,5 MiB

3 bots ont été instanciés
Durée du chargement : 00:00:06.549
Mémoire utilisée : 4,2 MiB

Que le championnat commence !

Affrontement 1/3
Random vs. MinMax3.0
