Mémoire totale : 3,5 GiB
Instanciation du bot "Random"
3 classes ont été trouvées
class awele.bot.random.RandomBot
class awele.bot.BotAriolef.MinMaxBotAriolef
class awele.bot.minmax.MinMaxBot

Bot 1/3
Classe : awele.bot.random.RandomBot
Instanciation du bot "Random"
Nom du bot : Random
Auteur(s) : Alexandre Blansché
Temps d'apprentissage : 00:00:00.000
Durée d'une prise de décision : 00:00:00.000
Usage mémoire : 0 B
Usage mémoire maximum : 1,3 MiB

Bot 2/3
Classe : awele.bot.BotAriolef.MinMaxBotAriolef
Instanciation du bot "MinMax3.0"
Nom du bot : MinMax3.0
Auteur(s) : A
Temps d'apprentissage : 00:00:00.000
Durée d'une prise de décision : 00:00:00.013
Usage mémoire : 792 B
Usage mémoire maximum : 41,9 MiB

Bot 3/3
Classe : awele.bot.minmax.MinMaxBot
Instanciation du bot "MinMax"
Nom du bot : MinMax
Auteur(s) : Alexandre Blansché
Temps d'apprentissage : 00:00:00.000
Durée d'une prise de décision : 00:00:00.017
Usage mémoire : 296,7 KiB
Usage mémoire maximum : 53,1 MiB

3 bots ont été instanciés
Durée du chargement : 00:00:01.499
Mémoire utilisée : 3,5 MiB

Que le championnat commence !

Affrontement 1/3
Random vs. MinMax3.0
Score : 0.0 - 3.0
MinMax3.0 a gagné
Nombre de coups joués : 36.57 par match
Durée : 00:00:00.285 par match
Mémoire utilisée : 3,0 MiB

Affrontement 2/3
Random vs. MinMax
Score : 0.0 - 3.0
MinMax a gagné
Nombre de coups joués : 34.92 par match
Durée : 00:00:00.264 par match
Mémoire utilisée : 2,3 MiB

Affrontement 3/3
MinMax3.0 vs. MinMax
